<?xml version="1.0" encoding="UTF-8" ?>
<testsuite tests="9" failures="0" name="Testpackage.Testproject.TestRunner" time="0.452" errors="0" skipped="0">
  <properties>
[...]
</properties>
  <testcase classname="Scenario: Enter the todo list" name="Given the user is in homepage" time="0.011"/>
  <testcase classname="Scenario: Enter the todo list" name="When the user enters the data" time="0"/>
  <testcase classname="Scenario: Enter the todo list" name="Then the user verifies the data is updated" time="0"/>
  <testcase classname="Scenario: Enter the todo list" name="Scenario: Enter the todo list" time="0.435"/>
  <testcase classname="Scenario: Check for Active and completed tab" name="Given the user retrieves the list count and check it matches" time="0"/>
  <testcase classname="Scenario: Check for Active and completed tab" name="And the user clicks Active tab" time="0"/>
  <testcase classname="Scenario: Check for Active and completed tab" name="When the user clicks completed tab" time="0"/>
  <testcase classname="Scenario: Check for Active and completed tab" name="Then verifies the data is empty" time="0"/>
  <testcase classname="Scenario: Check for Active and completed tab" name="Scenario: Check for Active and completed tab" time="0.006"/>
</testsuite>